Niveau : Niveau 1
Bonus en (16.0, 2.0), nom Aleatoire
Bonus en (16.0, 3.0), nom Colle
Bonus en (16.0, 4.0), nom Aleatoire
Bonus en (16.0, 5.0), nom Colle
Bonus en (16.0, 6.0), nom Aleatoire
Bonus en (16.0, 7.0), nom Colle
Bonus en (4.0, 8.0), nom Multiballes
Bonus en (8.0, 8.0), nom Laser
Bonus en (12.0, 8.0), nom Multiballes
Bonus en (16.0, 8.0), nom Aleatoire
Bonus en (20.0, 8.0), nom Multiballes
Bonus en (24.0, 8.0), nom Laser
Bonus en (28.0, 8.0), nom Multiballes
Brique en (4.0, 2.0), resistance 1
Brique en (6.0, 2.0), resistance 1
Brique en (8.0, 2.0), resistance 0
Brique en (10.0, 2.0), resistance 0
Brique en (12.0, 2.0), resistance 1
Brique en (14.0, 2.0), resistance 1
Brique en (16.0, 2.0), resistance 1
Brique en (18.0, 2.0), resistance 1
Brique en (20.0, 2.0), resistance 1
Brique en (22.0, 2.0), resistance 0
Brique en (24.0, 2.0), resistance 0
Brique en (26.0, 2.0), resistance 1
Brique en (28.0, 2.0), resistance 1
Brique en (2.0, 3.0), resistance 1
Brique en (4.0, 3.0), resistance 1
Brique en (6.0, 3.0), resistance 1
Brique en (8.0, 3.0), resistance 1
Brique en (10.0, 3.0), resistance 1
Brique en (12.0, 3.0), resistance 1
Brique en (14.0, 3.0), resistance 1
Brique en (16.0, 3.0), resistance 1
Brique en (18.0, 3.0), resistance 1
Brique en (20.0, 3.0), resistance 1
Brique en (22.0, 3.0), resistance 1
Brique en (24.0, 3.0), resistance 1
Brique en (26.0, 3.0), resistance 1
Brique en (28.0, 3.0), resistance 1
Brique en (30.0, 3.0), resistance 1
Brique en (2.0, 4.0), resistance 1
Brique en (4.0, 4.0), resistance 1
Brique en (6.0, 4.0), resistance 1
Brique en (8.0, 4.0), resistance 2
Brique en (10.0, 4.0), resistance 2
Brique en (12.0, 4.0), resistance 2
Brique en (14.0, 4.0), resistance 2
Brique en (16.0, 4.0), resistance 1
Brique en (18.0, 4.0), resistance 2
Brique en (20.0, 4.0), resistance 2
Brique en (22.0, 4.0), resistance 2
Brique en (24.0, 4.0), resistance 2
Brique en (26.0, 4.0), resistance 1
Brique en (28.0, 4.0), resistance 1
Brique en (30.0, 4.0), resistance 1
Brique en (2.0, 5.0), resistance 1
Brique en (4.0, 5.0), resistance 1
Brique en (6.0, 5.0), resistance 1
Brique en (8.0, 5.0), resistance 1
Brique en (14.0, 5.0), resistance 1
Brique en (16.0, 5.0), resistance 1
Brique en (18.0, 5.0), resistance 1
Brique en (24.0, 5.0), resistance 1
Brique en (26.0, 5.0), resistance 1
Brique en (28.0, 5.0), resistance 1
Brique en (30.0, 5.0), resistance 1
Brique en (2.0, 6.0), resistance 1
Brique en (4.0, 6.0), resistance 1
Brique en (6.0, 6.0), resistance 1
Brique en (14.0, 6.0), resistance 1
Brique en (16.0, 6.0), resistance 1
Brique en (18.0, 6.0), resistance 1
Brique en (26.0, 6.0), resistance 1
Brique en (28.0, 6.0), resistance 1
Brique en (30.0, 6.0), resistance 1
Brique en (4.0, 7.0), resistance 1
Brique en (6.0, 7.0), resistance 1
Brique en (8.0, 7.0), resistance 1
Brique en (10.0, 7.0), resistance 1
Brique en (12.0, 7.0), resistance 1
Brique en (14.0, 7.0), resistance 1
Brique en (16.0, 7.0), resistance 1
Brique en (18.0, 7.0), resistance 1
Brique en (20.0, 7.0), resistance 1
Brique en (22.0, 7.0), resistance 1
Brique en (24.0, 7.0), resistance 1
Brique en (26.0, 7.0), resistance 1
Brique en (28.0, 7.0), resistance 1
Brique en (4.0, 8.0), resistance 1
Brique en (8.0, 8.0), resistance 1
Brique en (12.0, 8.0), resistance 1
Brique en (16.0, 8.0), resistance 1
Brique en (20.0, 8.0), resistance 1
Brique en (24.0, 8.0), resistance 1
Brique en (28.0, 8.0), resistance 1
Raquette en (14.0, 23.0)
Brique en (-1.0, 0.0), resistance 0
Brique en (34.0, 0.0), resistance 0
Brique en (0.0, -1.0), resistance 0
Le niveau a une largeur de 34.0 et une hauteur de 25.0
Prêt à jouer, en attente de balle !
Niveau : Niveau 2
Bonus en (10.0, 4.0), nom Elargit
Bonus en (12.0, 4.0), nom Elargit
Bonus en (26.0, 4.0), nom Elargit
Bonus en (28.0, 4.0), nom Elargit
Bonus en (14.0, 5.0), nom Laser
Bonus en (16.0, 5.0), nom Laser
Bonus en (18.0, 5.0), nom Laser
Bonus en (20.0, 5.0), nom Laser
Bonus en (22.0, 5.0), nom Laser
Bonus en (24.0, 5.0), nom Laser
Bonus en (10.0, 6.0), nom Elargit
Bonus en (12.0, 6.0), nom Elargit
Bonus en (26.0, 6.0), nom Elargit
Bonus en (28.0, 6.0), nom Elargit
Brique en (2.0, 2.0), resistance 1
Brique en (4.0, 2.0), resistance 1
Brique en (34.0, 2.0), resistance 1
Brique en (36.0, 2.0), resistance 1
Brique en (6.0, 3.0), resistance 1
Brique en (8.0, 3.0), resistance 1
Brique en (30.0, 3.0), resistance 1
Brique en (32.0, 3.0), resistance 1
Brique en (10.0, 4.0), resistance 1
Brique en (12.0, 4.0), resistance 1
Brique en (26.0, 4.0), resistance 1
Brique en (28.0, 4.0), resistance 1
Brique en (14.0, 5.0), resistance 2
Brique en (16.0, 5.0), resistance 2
Brique en (18.0, 5.0), resistance 2
Brique en (20.0, 5.0), resistance 2
Brique en (22.0, 5.0), resistance 2
Brique en (24.0, 5.0), resistance 2
Brique en (10.0, 6.0), resistance 1
Brique en (12.0, 6.0), resistance 1
Brique en (26.0, 6.0), resistance 1
Brique en (28.0, 6.0), resistance 1
Brique en (6.0, 7.0), resistance 1
Brique en (8.0, 7.0), resistance 1
Brique en (30.0, 7.0), resistance 1
Brique en (32.0, 7.0), resistance 1
Brique en (2.0, 8.0), resistance 1
Brique en (4.0, 8.0), resistance 1
Brique en (34.0, 8.0), resistance 1
Brique en (36.0, 8.0), resistance 1
Raquette en (7.0, 28.0)
Brique en (-1.0, 0.0), resistance 0
Brique en (40.0, 0.0), resistance 0
Brique en (0.0, -1.0), resistance 0
Le niveau a une largeur de 40.0 et une hauteur de 30.0
Prêt à jouer, en attente de balle !
