43423-,
40776-de
38315-.
23700-des
14763-que
14240-table
13970-à
13523-la
13070-le
11227-pour
11070-les
10610-une
10474-dans
10406-et
9290-:
8922-en
8235-du
7596-un
7157-plus
7049-est
6301-au
6224-l'algorithme
6090-Exercice
6022-afin
5727-temps
5711-valeurs
5556-pas
5464-avec
5239-Diagrammes
4574-X
4505-par
4457-ce
4253-sur
4231-qui
4190-1
4096-encore
4084-suivant
3997-sont
3852-moyen
3831-cas
3788-naïf
3785-2
3728-ne
3683--
3674-Ainsi
3612-fonctionnement
3479-tests
3473-augmente
3375-Les
3298-demande
3272-N
3256-cout
3231-beaucoup
3142-4
3116-caractères
3048-on
3014-l'algo
2993-deux
2918-contrairement
2914-connue
2781-=
2738-si
2667-Pas
2657-500
2647-nous
2639-teste
2639-chaque
2635-opérations
2632-gnuplot
2566-algorithme
2551-différentes
2464-différence
2452-dues
2444-aux
2428-base
2391-Karp
2330-incohérences
2319-voir
2314-performant
2302-tailles
2296-étant
2275-fichiers
2262-valeur
2232-entre
2215-complexité
2183-notre
2174-ainsi
2159-tandis
2136-l'exercice
2078-trier
2054-secondes
2013-d'une
1982-Valeur
1972-se
1954-Finalement
1932-méthode
1920-longueur
1914-ou
1882-programme
1855-C’est
1842-imbriquées
1813-exponentiellement
1810-déterminer
1788-séparant
1788-l'opérateur
1752-donc
1703-tri_rapide
1669-pire
1656-apercevons
1647-mêmes
1639-(n
1636-prendre
1628-cette
1606-façon
1596-problème
1593-différents
1591-très
1567-3
1564-égal
1544-fait
1540-nombres
1540-grands
1537-texte
1532-fonctions
1529-mesures
1527-hachage
1527-effectuées
1525-l'opération
1519-son
1509-A
1508-tri
1508-a
1480-paramètres
1445-ont
1439-permettant
1431-fmoy
1427-l'efficacité
1402-naif
1397-Apnee
1378-même
1376-n'est
1368-;
1360-100
1333-1000]
1333-[1
1318-lettre
1284-(n/2)+1
1268-rapidement
1263-nombre
1252-boucles
1250--creation
1232-lignes
1232-comparaisons
1208-f
1203-plusieurs
1192-n
1189-taille
1188-O(nm-m2)=>O(nm)(nm
1184-n’est
1177-j'ai
1174-théorie
1167-aborder
1165-n'as
1157-mais
1156-je
1148-algorithmes
1143-tracer
1142-quel
1125-textes
1105-selon
1096-avoir
1090-d'execution
1089-prend
1089-premiers
1080-chaînes
1078-Rabin
1077-assez
1074-toutes
1061-APNEE
1051--Rabbin
1049-ATTENTION
1040-trop
1037-première
1029-On
1028-soit
1028-raisonnable
1018-moins
1015-tableaux
1013-C(n)
993-courbes
991-tout
988-l’algorithme
978-nettement
977-partir
971-0
969-système
965-partie
954-comparer
951-ceux
941-résultats
940-met
934-n-uplets
932-quelques
917-mémoire
915-calcul
914-lettres
914-–
909-effet
897-peut
894-condition
892-cet
888-motif
887-compare
887-*
876-Introduction
875-m
870-revanche
870-efficace
868-ces
865-Je
864-C
858-car
856-rapide
854-diverses
844-majeure
843-(
838-linéaire
836--Réalisation
831-coût
830-données
824-La
822-nos
816-pourquoi
816-compris
815-non
811-Ce
805-étudier
804-d'entrées
802-utilisant
793-déjà
792-dont
791-être
790-place
788-test
788-structure
786-Afin
781-fois
781-élevé
778-bien
777-d'un
768-jointure
766-n1
762-gestion
761-qu'il
761-instantanée
757-fin
751-unique
749-effectué
749-200
739-d’une
737-après
731-fais
730-L'algorithme
729-(beaucoup)
728-performances
726-d'en
724-KR
720-Puis
719-d'exécution)
718-n'ai
714-version
712-grandes
708-cours
704-seconde
702-celui
700-peu
696-terme
695-terminer
695-soustraction
694-avant
691-schema
691-récursif
683-jeux
678-second
677-rien
674-coût
668-Tri
668-élevée
666-Après
664-très
663-tris
663-lorsque
658-premier
657-alors
656-tableau
652-variable
643-graphique
643-fonction
640-elle
638-coûteux
635-moyenne
635-comment
633-conviennent
632-expériences
631-comportait
627-Un
627-toute
623-Le
619-N1*N2
618-Cette
615-l'indice
614-mener
612-opération
611-recherche
611-expérience
608-va
608-approximative
604-observe
604-également
602-tester
599-différent
597-j
596-comparaison
595-correctement
594-lequel
591-fonctionne
588-courbe
587-où
585-maximum
581-l'échelle
579-saturant
571-grande
570-centièmes
564-utiliser
564-exécutions
564-compte
559-était
558-reviendrai
558-j'y
556-permit
556--Interprétation
554-petites
550-permet
549-déduire
546-répétant
544-while
544--m)*m
542-modulo
542-1024)
541-trois
541-correspondant
540-suivante
539-n2
535-Ensuite
534-faire
533-Au
532-quasiment
529-effectué
526-naïve
525-HashJoin
524-choix
521-il
517-implémentation
517-ensuite
515-parcourues
515-intégralement
513-exponentielle
513-Ces
512-donnée
510-projection
510-précédents
510-Karb-Rabin
509-limité
509-)
506-possibles
506-conclure
497-tables
496-chercher
495-TP
491-Or
490-Dans
488-intervalles
486--Rabin
484-élevées
483-hashcode
483-dire
480-complètes
478-procédure
474-vérifier
472-1000
471-derniers
471-cela
470-celui-ci
469-(m-1)
469-celles
466-Java
465-deuxième
464-reste
463-suivantes
463-instrumenté
462-algo
459-s'éloigner
459-Faute
458-6.000.000
458-»
457-correspond
457-comme
454-sortir
453-disponible
452-été
448-testé
447-problèmes
447-Moyenne
447-l’utilisation
447-l’ordre
447-choisi
446-relation
445--ci
444-pertinents
444-L’étape
443-Lorsque
443-inférieurs
443-ALGO6
442-sera
442-grand
441-vite
441-pair
440-utilise
440-tous
439-Compte-rendu
437-essais
435-t1
435-l'équation)
433-celle
431-Mesure
428-constante
427-O(nm-m2+m)
427-Exemple
426-l'occurence
424-étudiable
422-constant
414-quadratique
414-l’intervalle
413-n*m
412-excessif
409-répétition
408-Tandis
406-varient
406-milliers
405-obtenu
404-fichier
402-tard
401-=6
400-tri_insertion
397-presque
395-moyennes
389-n1*n2
388-parcourant
388-l'ensemble
387-respectivement
387-comparables
386-comparé
386-caractère
384-d'échelles
382-Une
382-commencer
381-procedure
381-existantes
380-pu
380-coup
379-prises
378-effectués
377-résultat
377-lentement
376-sans
376-détecte
375-compteur
374-forme
373-Durant
371-numériques
368-loin
368-chaine
367-dernière
366-reporter
366-lui
365-pouvoir
364-d’un
363-mise
363-fausse
362-voit
361-obtenues
358-Temps
358-long
356-10
355-lors
354-effectuer
350-Elles
348-Comparer
348-boucle
347-obtenus
344-négligeable
344-dernier
343-représente
343--Evaluation
342-requise
342-8,124
340-plutôt
340-elles
339-procédait
339-majorant
337-moment
337-l'exécution
337-boucle)
335-traiter
335-quant
333-l'autre
332-prenant
332-ms]
332-eu
332-courbes)
332-bon
332-9000
331-quasi
331-motifs
331-clairement
330-totalité
330-delà
329-1ère
327-l'améliorer
326-mieux
325-réussi
325-logarithmique
325-comprendre
325-commence
323-rapport
322-différences
319-erreurs
318-code
317-suis
317-passée
317-longueurs
317-lieu
315-évidence
315-Cependant
314-hypothèse
311-manière
311-étude
310-principe
309-trouve
309-suffisamment
308-L’ensemble
307-y
307-théoriques
307-Analyse
306-"aac"
305-instrumentation
305-devient
305-"aab"
304-différente
303-d'utiliser
302-(naïf)
302-mal
302-attendu
300-tel
298-augmentation
296-diminue
296-centaines
295-implémenté
294-mon
293-change
290-s'approche
290-possible
290-avons
289-diagrammes
289-De
288-séquences
288-observation
287-présent
287-fournis
287-20
286-suivants
286-qu'on
286-Automatisation
285-puis
285->
284-laquelle
283-l'hypothèse
283-grandit
282-quand
282-ms
281-majorés
280-Sur
280-calcule
279-comporte
278-expérimentale
278-10000
277-significatifs
277-Pour
275-atteindre
274-aussi
273-N2
271-incrémente
268-compréhensibles
267-puisse
267-intéressant
266-judicieux
266-d’utiliser
265--m
265-d'effectuer
263-ressources
263-disponibles
261-4608
260-Conclusion
259-sa
259-créés
258-faible
257-performance
257-contradictoire
256-réaliser
256-14.000
255-facilement
254-quelque
254-d'exécution
253-savoir
252-légères
252-concernant
251-x
250-répète
249-donnant
248-théorique
248-semble
248-questions
247-programmes
247-fonctionnant
246-m)
245-sinon
245-majorité
244-sujet
244-petit
244-Nous
244-entrées
243-Si
242-point
241-limiter
239-sortie
237-indices
237-hypothèses
236-Coût
235-algos
235-acceptable
235-+1)
234-L'un
234-initial
234-«
233-ses
232-rajouté
231-n/2
230--modification
230-(le
229-d'environ
229-15000
228-Par
227-qu'à
226-l'applique
225-Recherche
225-implémenté
224-Comparaison
222-passé
222-minutes
221-incrémente
220-contre
218-constate
217-constaté
216-puissant
216-outil
216-D'où
215-tour
215-l'on
215-expérimentale
214-uniquement
214-précédemment)
214-(défini
212-inférieure
210-l'original
210-implémente
208-conforme
207-Ici
207-Algo
206-performante
206-nécessité
204-bases
203-itération
203-avait
202-ma
202-début
201-exemple
201-compter
201-basique
201-(addition
200-différentes
200-considérablement
200-30
200-=100
198-nbLignes(fichier1)
197-traités
197-(comparaison)
195-initialisée
194-mesure
194-ligne
194-l'aide
193-observer
190-pertinente
190-(n-m+1)*m
190-nbLignes(fichier2)
190-largement
190-distingue
189-l'execution
189-langage
189-graphe
189-Gnuplot
189-dessus
189-Avec
189-attendues
188-montrent
188-104.000
186-execution
185-(ou
184-présente
183-représentant
183-à
183-6
182-résultat
182-O(nlog(n))
182-d’importance
181-valident
181-produit
180-voire
180-O(n*m)
180-millièmes
180-l'empêchant
179-l'augmentation
179-juste
178-for
178-conclusion
178-but
178-adéquates
177-considère
177-connaître
176-varier
176-suite
176-l
176-dès
176-concerne
176-'APNEE
175-environ
175-après
174-représentable
174-précédent
174-défavorable
174-cohérent
173-O(n)
173-hashTable
172-proches
172-(ms)
172-longues
171-significativement
171-qu'un
171-quelle
171-plutôt
171-éloigné
169-l’exécution
169-faisons
169-calculer
169-allure
168-répétition
168-récupérer
168-d’où
166-voici
165-l’utiliser
165-l'implémentation
165-caractères
165-5000
164-régulière
164-pouvons
164-l’autre
164-débordement
163-remarque
163-probablement
163-grand-chose
162-ralenti
162-fins
161-parcourt
161-l’on
161-là
161-Karp-Rabin
161-éléments
161-ceux-ci
161-144.000
160-UE
160-tire
160-testées
160-DGINF351
160-attendre
160-(ALGO5)
159-qu’en
158-Vendredi
158-septembre
158-question
158-paramètres
158-l’implémentation
158-(la
158-croissance
158-APNEEs
158-26
157-signification
157-semblable
157-dépense
156-testée
156-être
156-d'après
155-n'entrainant
155-N=1000
155-exercice
155-asses
154-utilisation
154-l’une
153-prenait
153-m-1
153-dû
153-débuguer
152-s'intéresser
152-(KR)
151-signifie
150-similaire
150-Motif
150-mettant
150-expérimentations
150-Deux
150-composé
150-ait
149-représentatifs
149-maximal
149-codé
149-3500
148-=100000
147-point)
147-certain
146-inchangée
146-calculs
145-sous-chaine
145-O((n-m+1)*m)=O(n.m)
145-O(mn)
145-meilleur
145-don
144-n'étant
144-(l'échelle
144-l'affiner
144-argumentation
144-argument
143-valide
143-L’objectif
143--Fonction
143-estimer
142-O(Join(f1,f2,res)
142-occurrences
142-espérant
142-Donc
142-correspondantes
142-constantes
141-variations
141-/TD
141-Notre
141-impair
141-d'observer
141-cour
139-près
139-Et
138-logique
137-secondes)
137-Résultat
137-éviter
136-versions
136-réalise
136-prés
136-O(1)
136-l'ordre
136-avance
136-3.000.000
135-Open
135-Office
135-l'apnéee
135-irrégularité
135-étudiants
134-succincte
134-évoqué
134-Entre
134-difficultés
134-ajouté
133-s'apercevoir
133-proposée
133-Mais
133-implémentant
133-conditions
133-Augmenter
133-ajouter
133-[2000
132-rôle
132-résultats
132-O(n
132--m)
132-fourni
132-f2
131-restreint
131-Plus
131-L3
131-Informatique
131-Filière
131-d’après
131-correspondaient
131-ça
130-tableau)
130-extraire
130-coûteuse
130-+1)*m
129-sous
129-résumé
129-partiellement
129-l'intervalle
129-Fmoy
129-f1
129-exécuter
129-contiennent
128-L'augmentation
128-lançant
127-réalisés
127-Même
127-L’utilisation
127-chaîne
127-"aabaabaabaabaabaab"
126-visant
126-instaurant
126-insertion
126-Ci-dessous
126-chacune
126--ajout
125-wc50000
125-leur
125-Intro
125-évaluer
124-chose
124-cher
124--Cerner
123-serait
123-longtemps
123-Interprétation
122-debut
122-ALGO5
121-L’algorithme
121-Evaluer
121-Enfin
119-verifier
119-Résultats
119-fichier2
119-En
119-Complexité
119-AND)
118-nul
117-posés
117-dégager
116-Test
116-''relativement
116-référence
116-petit''
116-Il
116-Cela
115-Travail
115--Récolte
115-L'objectif
115-garde
115-concurrence
114-Soit
114-NB
114-N1
114-interprétés
114-Coder
114-annexe
113-Choisir
112-l'inverse
112-Etant
112-donné
112-Commentaires
112-À
111-qu’un
111-nécessite
111-motif)
111-était
111-Concernant
111-2m
110-supposer
110-peux
110-fixe
109-Observé
109-d'abord
109-Bien
108-Valeurs
108-utilisées
108-reprendre
107-Observer
107-faut
107-demandé
107-Celle-ci
105-qu’avec
105-Plot
104-comportement
103-nées
103-naïfs
103-germe
103-final
103-échanger()
103-créé
103-besoin(
102-dernière
102-Celui
102-0.001969602
101-Toutes
101-représenté
101-partition()
101-n'ont
101-Etablissement
100-Lors
100-erroné
100-(Ceci
99-Soient
98-note
98-Karp-Rabbin
98-joue
98-d'exécution
98-cependant
98-ayant
97-servir
97-Se
97-niveau
97-l'utilisation
97-D’après
97-comparaisons.En
97-(~5
96-vu
96-majoration
96-M
96-estimée
96-complété
96-chaîne)
96-atteignait
96-4.000
95-implémenterons
95-25000
94-théorique
94-(O(n^2
94-modèle
94-l'optimisation
94--Join
94-BD:
94-/4)
93-O
93-Note
93-(nlog(n)))
93-Comprendre
93-choisies
93-90
93-0.015658846
92-l'intérêt
92-Évaluation
92-800
92-0,654
91-tirage
91-l'un
91-fichier1
91-aléatoire
91-afficher
90-t2
90-leurs
90-entrees
90-effectue
90-0,004
89-qu’il
89-fonctionner
89-algorithmique
88-vue
88-seul
88-réduire
88-naturelle
88-millisecondes
88-comprise
88-9
87-progression
87-évidente
87-essayé
87-d'étudier
87-detecter
87-déduire
86-lancer_mesures()
86-étudié
86-divers
86-0,1
85-difficile
85-commenter
84-vrai
84-mauvaise
84-déplacé
84-c'est
83-parfois
83-n-uplet
83-notion
83-montre
83-(exercice
83-dizaine
83-causé
83-5)
82-tellement
82-récapitulatif
82-propriété
82-parcourir
82-entraîne
82-échelle
82-doublon
82-devoir
82-100000
81-T2
81-T1
81-pertinentes
81-faveur
81-(50
81-3,328
81-000)
80-nécéssaire
80-l'évolution
80-important
80-constat
80-connues
80-conclusions
80-apnée
79-purement
79-dit
79-augmenter
79-arbitraire
78-nom
78-intéresser
78-d'avoir
78-comprises
77-reprend
77-qu'en
77-mis
77-l'APNEE
77-inutile
77-créer
77-augmentant
77-=1000
76-utiliserons
76-sélection
76-prennent
76-petite
76-handicapant
76-garder
76-d’exécution
76-choisir
76-augmenté
76-apnée
75-permettent
75-modifié
75-grâce
75-globalement
75-faits
75-élément
75-contenir
74-relativement
73-tris.c
73-facteur
73-0.191312213
72-raisonnables
72-obtenons
72-carrée
72-autre
71-énorme
71-doublons
71-difference
70-présenté
70-précédente
70-omis
70-l'impression
70-consisté
70-4.718017373
69-méthodes
69-imparti
68-entier
67-remarquons
67-pointeur
67-*f
66-semaine
66-n’a
66-décalage
66-debugger
65-≈N2/2
65-d'être
64-≈N
64-comportant
63-croit
63-cadre
62-sauvé
62-permis
62-m'a
61-voyons
60-TD
60-récupérer
60-ci-dessus
59-travaille
59-résume
59-ci-dessous
58-protocole
58-conserve
57-penchés
57-(nlog(n))
57-diagramme
57--dessus
57-coder
57-ci
56-relations
56-introduite
55-traitées
55-majorer
54-utilisés
54-tri_par_insertion
54-terminée
54-grandir
54-étape
53-optimale
52-similaires
52-enrichir
51-tels
51-marche
50-completer
49-jusqu'à
49-aller
48-travailler
48-développer
47-significative
47-50000
46-jauger
46-implémenter
46-expérimentalement
46-contient
45-refait
45--Projection
45-l'expérience
44-su
44-indique
43--Soustraction
43-réduit
43-porté
43-donner
43-aurait
42-utilisera
42-pourrons
42-choisissons
41-observons
41-n'avons
41-allons
40-finalement
40-(en
39-interne
39-étudier
39-contenterons
38-(tracé
38-permettre
38-d'analyser
37-saurons
37-réalisé
37-n’avons
37-n'atteindrons
37-jamais
37-entraîner
37-avions
36-sommes
36-apparaît
36-25
36-000
35-suit
35-ferons
35-d'1/100e
34-reprenant
34-intéressons
33-trié
32-rapide)
32-oui
32-obtient
31-supérieur
31--même
31-d'exécutions
31-d'entrés
31-commencera
28-effectuons
27-prenons
27-pa
27-comprend
26-faisant
26-externe
25-occure
25-minimum
25-manquons
24-remarquer
24-double
22-(m
22-d'entré
22-choisit
21-influe
21-d'opérations
21-d'itérations
20-lancer_mesures
19-partition
19-complet
19-atteignons
18-(ici
18-d'entrée
18-considérable
17-Suite
17-pourrait
17-main
17-d’environ
17-appartienne
17-50%
15-tri_rapide_bis
14-étudié
14-59904
13-tirer
13-répéter
13-parti
13-d'éléments
11-d'élément
9-doublant
8-rendus
8-privilégié
8-nécessaires
8-écris
7-réalisé
7-posant
7-écrit
7-commencé
6-suivis
6-demeure
4-vaut
4-pris
4-O(n2)
4-exprimerons
4-enfin
4-cree
3-déduit
2-rendu
2-aurions
1-X=6
1-l'apnée
1-Fin
1-Compte
1-comparerons
