477-de
200-le
154-la
109-et
103-que
103-des
90-est
88-pour
77-temps
75-du
75-à
74-tri
73-les
71-nous
68-un
67-une
67-en
66-par
64-l'algorithme
64-:
59-nombre
49-avons
48-Nous
47-plus
42-dans
40-deux
38-avec
33-pas
33-fonction
33-au
32-On
31-valeurs
31-sur
31--
30-qui
29-N
29-Le
28-on
28-coût
27-ce
26-motif
24-taille
23-rapide
23-naïf
22-ne
22-cette
22-algorithmes
22-a
21-hachage
21-donc
20-texte
20-comparaisons
20-cas
20-augmente
19-pire
18-tests
18-Pour
18-beaucoup
17-table
17-même
17-insertion
17-d'execution
16-X
16-version
16-résultats
16-rapide.
16-entre
16-En
15-utilisant
15-sont
15-algorithme
15-afin
14-valeur
14-manière
14-d'exécution
13-moyen
13-mais
13-insertion.
13-il
13-Dans
13-chaque
12-tableau
12-si
12-Les
12-graphique
12-fait
12-Exercice
12-d’exécution
12-complexité
12-=
11-son
11-recherche
11-peut
11-hachage.
11-efficace
11-d'une
11-courbe
11-ces
10-très
10-programme
10-ont
10-moyenne
10-La
10-Karp-Rabin
10-façon
10-ensuite
10-d'un
10-caractères
10-ainsi
10-2
9-se
9-n-uplets
9-lorsque
9-f
9-effectué
9-comparer
9-comparaison
9-bien
8-va
8-trop
8-test
8-pu
8-premier
8-pouvoir
8-permet
8-n
8-moins
8-HashJoin
8-fois
8-constate
8-comparé
7-tout
7-secondes.
7-rapport
7-ou
7-notre
7-naif
7-mêmes
7-m
7-l’algorithme
7-implémenté
7-fichiers
7-être
7-été
7-données
7-cout
7-correspond
7-Ce
7-caractères,
7-car
7-boucle
6-Tri
6-tables
6-suivant
6-soit
6-Si
6-reste
6-rapidement
6-quelques
6-puis
6-pouvons
6-performances
6-motif.
6-motif,
6-méthode
6-jointure
6-Introduction.
6-Il
6-effet,
6-effectuées
6-différents
6-différentes
6-différence
6-déterminer
6-calcul
6-avoir
6-assez
6-alors
5-vérifier
5-théorie.
5-temps,
5-tailles
5-taille,
5-secondes
5-sans
5-remarquons
5-relation
5-projection
5-prend
5-plusieurs
5-plus,
5-peu
5-permettant
5-performant
5-nettement
5-N.
5-longueur
5-l'efficacité
5-L'algorithme
5-l'algo
5-j'ai
5-grandes
5-grand
5-faire
5-faible
5-encore
5-effectuer
5-De
5-courbes
5-conclure
5-Au
5-2.
5-*
4-y
4-voit
4-voir
4-utilise
4-Un
4-trouve
4-tris
4-tri.
4-TP,
4-tests,
4-tandis
4-tableaux
4-sortie
4-sommes
4-selon
4-seconde
4-résultat
4-réaliser
4-prendre
4-première
4-petites
4-partir
4-partie
4-Par
4-obtenus
4-nos
4-n’est
4-naïve
4-N,
4-l’ordre
4-l'ordre
4-l'on
4-lignes
4-l'exercice
4-Karp
4-je
4-Introduction
4-instrumentation
4-insertion,
4-HashJoin.
4-grande
4-forme
4-fonctions
4-fmoy
4-fichier
4-expérimentale
4-étant
4-elle
4-égal
4-d’une
4-d'exécution
4-déduire
4-comprendre
4-comparaisons.
4-comme
4-cet
4-celui
4-Cela
4-cela,
4-cas.
4-C
4-but
4-boucles
4-boucle,
4-avant
4-aussi
4-APNEE
4-apnée
4-allons
4-100
4-–
3-X.
3-x
3-voyons
3-varier
3-variable
3-Valeur
3-utiliser
3-Une
3-tri_rapide
3-TP
3-toutes
3-texte.
3-texte,
3-tests.
3-tester
3-testé
3-terme
3-tableau.
3-tableau,
3-Sur
3-soustraction.
3-soustraction
3-sera
3-semble
3-second
3-représentant
3-réduit
3-Recherche
3-raisonnable
3-qu'il
3-quasi
3-Puis,
3-plutôt
3-performante
3-paramètres
3-où
3-obtient
3-obtenu
3-observe
3-observation
3-non
3-n'est
3-n'avons
3-naïve.
3-naïve,
3-naïf,
3-n1
3-met
3-mesures
3-Mesure
3-maximum
3-l’utilisation
3-L’objectif
3-linéaire.
3-limiter
3-l'algorithme,
3-KR
3-Karp-Rabin,
3-imbriquées,
3-graphique,
3-graphe
3-gnuplot.
3-fin
3-faut
3-exponentielle,
3-exemple,
3-évaluer
3--Evaluation
3-étudier
3-étudié
3-était
3-efficace.
3-Durant
3-dû
3-dont
3-données,
3-dire
3-devient
3-deuxième
3-dernière
3-dernier
3-d'entrées
3-d'en
3-créé
3-coût,
3-conviennent
3-condition
3-Conclusion
3-conclusion
3-compter
3-compte
3-Comprendre
3-comporte
3-comparaison.
3-commence
3-code
3-choisi
3-chercher
3-chaine.
3-Cette
3-Cependant,
3-celui-ci
3-cas,
3-bon
3-aux
3-Analyse
3-algo
3-Ainsi,
3-4.
3-3.
3-200
3-10
3-1.
3-1
3-»
3-«
3-,
2-X,
2-while
2-vite,
2-versions
2-varient
2-uniquement
2-trier
2-très
2-traiter
2-toute
2-textes
2-testées
2-teste
2-terminer.
2-Temps
2-Tandis
2-suivante
2-suite,
2-suffisamment
2-significative
2-ses
2-serait
2-secondes,
2-sa
2-revanche,
2-réussi
2-résultats.
2-résultats,
2-répétition
2-remarque
2-récapitulatif
2-rapide,
2-ralenti
2-rajouté
2-Rabin
2-qu'un
2-qu'on
2-question
2-quel
2-que,
2-quadratique
2-programme.
2-proches
2-problème
2-pris
2-principe
2-presque
2-présent
2-prenons
2-premiers
2-plus.
2-petit.
2-pertinents
2-performance
2-Or
2-opérations
2-opération
2-obtenues
2-obtenu.
2-négligeable
2-NB
2-naturelle
2-naïf.
2-n'ai
2-(n/2)+1
2-n2.
2-N=100000.
2-(n
2-(ms)
2-montre
2-mon
2-milliers
2-mieux.
2-mémoire.
2-mémoire
2-mal
2-m-1
2-lui
2-lors
2-l'opération
2-logique
2-l’intervalle
2-linéaire
2-l'indice
2-lieu
2-l'exécution
2-lettre.
2-lettre
2-lequel
2-(le
2-langage
2-juste
2-jeux
2-Je
2-j
2-intervalles
2-intéresser
2-instantanée
2-inférieurs
2-incrémente
2-incrémente
2-implémentation
2-hashcode
2-grand,
2-gestion
2-fournis,
2-fourni
2-fonctionnement
2-fonctionne.
2-fonctionne
2-fonction,
2-Fmoy
2-fausse
2-faisant
2-fais
2-facilement
2-f.
2-exponentielle.
2-exponentielle
2-expériences
2-exemple
2-exécutions
2-eu
2-Et
2-Ensuite,
2-elles
2-élevé
2-également.
2-également
2-effectués
2-d'utiliser
2-d’un
2-dues
2-d'opérations
2-données.
2-d'observer
2-différentes,
2-d'execution.
2-d'exécution.
2-d'être
2-dessus
2-demande
2-déjà
2-cout.
2-cours
2-coup
2-correspondant
2-contrairement
2-contradictoire
2-constante
2-constant.
2-constant
2-considérablement
2-conforme
2-compteur
2-completer
2-complété
2-comparerons
2-compare
2-comment
2-commencer
2-commencé
2-codé
2-chose
2-choix
2-change
2-chaînes
2-chaîne,
2-chaine
2-ceux
2-Ces
2-centaines
2-celles
2-celle
2-caractère
2-calculs
2-calculer
2-base
2-Avec
2-avait
2-Augmenter
2-augmente,
2-augmentation
2-atteindre
2-Après
2-après
2-approximative
2-Apnee
2-apercevons
2-algorithmes.
2-algorithme,
2-ajouter
2-Afin
2-A
2-20
2-144.000
2-104.000
2-1000].
2-1000
2-[1
2-0.
2-0
2-)
2-.
2-;
1-X=6,
1-X=6
1-X=100,
1-while,
1-wc50000,
1-vue
1-vu
1-vrai
1-voire
1-voici
1-vite.
1-visant
1-verifier
1-Vendredi
1-vaut
1-variations
1-valident
1-valide
1-Valeurs
1-utilisés
1-utiliserons
1-utilisera
1-utilisées
1-utilisation
1-unique
1-UE
1-trois.
1-tris.c
1-tri_rapide_bis
1-tri_par_insertion,
1-tri_insertion.
1-tri_insertion
1-trier.
1-trié.
1-travailler
1-travaille
1-Travail
1-traités
1-traitées.
1-tracer
1-(tracé
1-Toutes
1-tous
1-tour
1-totalité
1-tirer
1-tire
1-tirage
1-théoriques,
1-théoriques
1-théorique
1-théorique.
1-théorique
1-théorie,
1-tester.
1-testée,
1-testé.
1-Test
1-test.
1-terminée,
1-tels
1-tellement
1-tel
1-/TD
1-TD
1-tard
1-tailles.
1-tables.
1-tableaux.
1-tableau)
1-T2.
1-t2.
1-T1
1-t1
1-système
1-supposer
1-supérieur
1-sujet,
1-sujet
1-suivis
1-suivants.
1-suivants
1-suivantes
1-Suite
1-suit
1-suis
1-succincte
1-su
1-structure
1--Soustraction
1-sous-chaine
1-sous
1-sortir
1-Soit
1-Soient
1-s'intéresser
1-sinon.
1-similaires
1-similaire
1-signifie
1-significativement.
1-significative.
1-signification
1-significatifs
1-seul
1-servir
1-séquences.
1-séquences
1-septembre
1-séparant
1-semblable,
1-semaine.
1-s'éloigner
1-sélection,
1-secondes).
1-secondes)
1-seconde.
1-seconde,
1-Se
1-schema
1-savoir
1-sauvé
1-saurons
1-saturant
1-s'approche
1-s'apercevoir
1-rôle
1-rien
1-reviendrai
1-revanche
1-résumé
1-résume
1-résultats
1-Résultats.
1-Résultat
1-résultat
1-restreint
1-ressources
1-respectivement.
1-respectivement
1-requise
1-représente
1-représenté
1-représentatifs
1-représentable
1-reprendre
1-reprend
1-reprenant
1-reporter
1-répétition
1-répéter
1-répète
1-répétant
1-rendus
1-remarquer
1-''relativement
1-relativement
1-relations.
1-relations
1-régulière
1-référence.
1-refait
1-réduire
1-récursif
1-récupérer
1-récupérer
1--Récolte
1-réalisés
1-réalisé
1-réalisé
1-réalise
1--Réalisation
1-rapide).
1-raisonnables
1-Rabin.
1-Rabin,
1-qu’un
1-qu’il
1-questions
1-qu’en
1-qu'en
1-quelque
1-quelle
1-qu’avec
1-quasiment
1-quant
1-quand
1-qu'à
1-purement
1-puisse
1-puissant
1-pu,
1-protocole
1-propriété.
1-proposée
1--Projection
1-projection.
1-projection,
1-progression
1-programmes
1-produit
1-procédure
1-procedure
1-procédait.
1-problèmes
1-probablement
1-privilégié
1-prises
1-présenté
1-présente
1-près,
1-prés
1-prennent
1-prenant
1-prenait
1-précédents
1-précédente,
1-précédent.
1-précédent
1-précédemment)
1-pourrons
1-pourrait
1-pourquoi,
1-possibles..
1-possibles
1-possible,
1-possible
1-posés
1-posant
1-porté
1-pointeur
1-point).
1-point
1-plutôt
1-Plus
1-Plot,
1-place
1-pire,
1-peux
1-petite
1-petit''
1-petit
1-pertinentes
1-pertinente
1-permit
1-permis
1-permettre
1-permettent
1-performant.
1-penchés
1-passée
1-passé
1-Pas
1-pas,
1-partition()
1-partition.
1-partiellement
1-parti
1-parfois
1-parcourues
1-parcourt
1-parcourir
1-parcourant
1-paramètres
1-pair
1-pa
1-outil
1-oui,
1-(ou
1-optimale.
1-opération.
1-Open
1-O(nm-m2)=>O(nm)(nm
1-O(nm-m2+m)
1-O((n-m+1)*m)=O(n.m)
1-O(n*m).
1-O(n*m),
1-O(n-m).
1-O(nlog(n))
1-O(n2).
1-(O(n^2
1-O(n).
1-O(mn),
1-omis
1-O(Join(f1,f2,res)
1-Office
1-occurrences.
1-occure
1-obtenu,
1-obtenons
1-observons
1-Observer
1-observer
1-Observé
1-O(1).
1-O
1-n-uplet
1-numériques
1-nul.
1-nous-même,
1-Notre
1-notion
1-Note
1-note
1-n'ont
1-nombres,
1-nom
1-(n-m)*m.
1-(n-m)*m,
1-(n-m+1)*m.
1-(n-m+1)*m
1-(n-m+1).
1-n*m
1-(nlog(n)))
1-(nlog(n)).
1-niveau
1-n'étant
1-n'entrainant
1-nées.
1-nécessité
1-nécessite
1-nécessaires
1-nécéssaire
1-nbLignes(fichier2)
1-nbLignes(fichier1)
1-n’avons
1-n'atteindrons
1-n'as
1-naïfs
1-(naïf)
1-n’a
1-≈N2/2
1-N2.
1-N2
1-n2,
1-n/2
1-n2
1-N1*N2.
1-n1*n2
1-N=1000.
1-N=1000,
1-N=1000
1-N1
1-≈N.
1-ms].
1-ms,
1-ms
1-moyennes.
1-moyennes
1-Moyenne
1-moyenne,
1-motifs.
1-motifs
1-Motif
1-motif).
1-montrent
1-moment,
1-moment
1-modulo
1-modifié
1--modification
1-modèle
1-mise
1-mis
1-minutes
1-minimum
1-millisecondes
1-millièmes
1-mieux
1-mettant
1-méthodes
1-méthode.
1-mesure
1-mener
1-Même
1-même.
1-meilleur.
1-maximum.
1-maximal
1-mauvaise
1-marche.
1-manquons
1-majorité
1-majorés
1-majorer
1-majoration
1-majorant
1-majeure
1-Mais
1-main
1-m'a
1-ma
1-(m-1)
1-M
1-m)
1-m.
1-m,
1-(m
1-l’utiliser
1-L’utilisation
1-l'utilisation
1-l’une
1-L'un
1-l'un
1-Lorsque
1-Lors
1-l'original.
1-l'optimisation
1-l'opérateur
1-longueurs.
1-longues
1-longtemps
1-long.
1-long,
1-long
1-l’on
1-loin
1-logarithmique
1-l'occurence
1-L'objectif
1-l'inverse,
1-l'intervalle
1-l'intérêt
1-linéaire,
1-l'impression
1-l’implémentation
1-l'implémentation
1-limité.
1-limité
1-lignes,
1-ligne
1-lieu,
1-l'hypothèse
1-l'expérience.
1-l’exécution
1-l'execution
1-l'évolution
1-leurs
1-leur
1-lettres.
1-lettres,
1-lettre,
1-L’étape
1-l'équation).
1-lentement
1-L’ensemble
1-l'ensemble
1-l'empêchant
1-légères.
1-(l'échelle
1-l'échelle
1-l’autre
1-l'autre.
1-l'autre
1-L'augmentation
1-l'augmentation
1-largement
1-laquelle
1-l'applique
1-l'apnéee,
1-l'APNEE
1-lancer_mesures()
1-lancer_mesures
1-lançant
1-l'améliorer
1-L’algorithme
1-l'aide
1-l'affiner.
1-là
1-(la
1-L3
1-l
1-KR.
1-KR,
1-(KR)
1-Karp-Rabin.
1-Karp-Rabbin.
1-Karp-Rabbin
1-Karb-Rabin
1-j'y
1-jusqu'à
1-judicieux
1-joue
1-jointure.
1-jointure,
1--Join
1-Java.
1-Java
1-jauger
1-jamais.
1-itération.
1-itération
1-irrégularité
1-inutile
1-introduite
1-Intro.
1-interprétés.
1-Interprétation
1--Interprétation
1-interne
1-intéressons
1-intéressant
1-intégralement,
1-instrumenté
1-instaurant
1-instantanée,
1-initialisée
1-initial.
1-Informatique,
1-influe
1-inférieure
1-indique
1-indices,
1-incohérences
1-inchangée.
1-important,
1-implémenterons
1-implémenter
1-implémenté
1-implémente
1-implémentant
1-imparti.
1-impair
1-imbriquées.
1-Ici,
1-Ici
1-(ici,
1-hypothèses
1-hypothèse.
1-hashTable
1-handicapant
1-graphique.
1-grands
1-grandit
1-grandir
1-grande,
1-grand-chose
1-grâce
1-Gnuplot,
1-globalement
1-germe
1-garder
1-garde
1-fourni.
1-for,
1-for
1-fonctionner
1-fonctionnement,
1-fonctionnant
1--Fonction
1-fonction.
1-fois.
1-fmoy.
1-fixe.
1-fins
1-Finalement,
1-finalement
1-final,
1-Filière
1-fichier2
1-fichier1.
1-fichier1
1-fichier.
1-fichier,
1-ferons
1-faveur
1-Faute
1-fausse,
1-faits
1-faisons
1-facteur.
1-facilement.
1-f2
1-f1
1-*f
1-extraire
1-externe
1-exprimerons
1-exponentiellement,
1-exponentiellement
1-expérimentations.
1-expérimentalement
1-expérimentale
1-expérimentale,
1-expérience.
1-existantes
1-(exercice
1-exercice
1-Exemple
1-execution
1-exécuter.
1-excessif.
1-évoqué
1-éviter
1-évidente.
1-évidence
1-Evaluer
1-Évaluation
1-étudier
1-étudier.
1-étudié
1-étudiants
1-étudiable
1-étude
1-être
1-étape
1-Etant
1-était
1-Etablissement
1-estimer
1-estimée,
1-essayé
1-essais
1-espérant
1-erroné.
1-erreurs,
1-erreurs
1-environ
1-entrées
1-entrees
1-Entre
1-entraîner
1-entraîne
1-entier
1-enrichir
1-énorme.
1-Enfin,
1-enfin
1-(en
1-éloigné
1-Elles
1-élevées.
1-élevées,
1-élevée.
1-élevée
1-élevé.
1-élevé,
1-éléments
1-élément
1-également,
1-effet
1-effectuons
1-effectués,
1-effectuées.
1-effectué
1-effectue
1-écrit
1-écris
1-échelle.
1-échanger()
1-d’utiliser
1-doublons,
1-doublon
1-double
1-doublant
1-D'où,
1-d’où
1-donner
1-donnée,
1-donné
1-donnant
1-Donc
1-donc,
1-don-
1-dizaine
1-diverses
1-divers
1-d'itérations
1-dit
1-distingue
1-disponibles
1-disponible.
1-dire,
1-d’importance,
1-diminue
1-difficultés
1-difficile
1-différents,
1-différentes
1-différente,
1-différent.
1-différences
1-difference
1-Diagrammes
1-diagrammes
1-diagramme
1-DGINF351
1-d'exécutions
1-d'exécution)
1-d’exécution.
1-devoir
1-développer
1-Deux
1-d'étudier
1-detecter
1-détecte
1-dès
1-derniers
1-dernière
1-déplacé
1-dépense
1-d’environ
1-d'environ
1-d'entrés
1-d'entrée
1-d'entré
1-demeure
1-demandé,
1-demandé
1-d'éléments
1-d'élément
1-delà,
1-delà
1-dégager
1-(défini
1-d'effectuer
1-défavorable
1-déduit
1-déduire
1-déduire,
1-d'échelles
1-décalage
1-début
1-debut
1-débuguer
1-debugger.
1-débordement
1-d'avoir
1-D’après
1-d’après
1-d'après
1-d'analyser
1-d'abord
1-d'1/100e
1-croit
1-croissance
1-créés
1-créer
1-cree
1--creation
1-coûteux
1-coûteuse,
1-coûteuse
1-coût
1-Coût
1-cout,
1-coût.
1-cours,
1-courbes).
1-cour
1-correspondantes
1-correspondaient
1-correctement.
1-correctement,
1-correctement
1-contre,
1-contre
1-contient
1-contiennent
1-contenterons
1-contenir
1-constaté
1-constat
1-constantes
1-constant,
1-consisté
1-considère
1-considérable.
1-conserve
1-connues,
1-connue,
1-connaître
1-conditions
1-concurrence
1-conclusions
1-Conclusion.
1-conclusion,
1-conclure,
1-concerne
1-Concernant
1-concernant
1-Compte-rendu
1-comprises
1-comprise
1-compris
1-comprend
1-compréhensibles.
1-composé
1-comportement
1-comportant
1-comportait.
1-Complexité
1-complexité.
1-complètes
1-complet
1-Comparer
1-comparaisons.En
1-comparaisons,
1-Comparaison
1-(comparaison)
1-comparables.
1-commenter
1-Commentaires
1-commencera
1-cohérent
1-Coder
1-coder
1-code,
1-C(n)
1-clairement
1-ci-dessus,
1-ci-dessus
1-Ci-dessous
1-ci-dessous
1-choisit
1-choisissons
1-Choisir
1-choisir
1-choisies
1-cher.
1-change.
1-chaîne),
1-chaîne
1-chacune
1-ceux-ci,
1-ceux-ci
1-C’est
1-c'est
1-certain
1--Cerner
1-cependant
1-centièmes,
1-centièmes
1-Celui
1-Celle-ci
1-celle-ci.
1-cela
1-(Ceci
1-causé
1-carrée
1-caractères
1-caractères.
1-caractère.
1-caractère,
1-calcule
1-calcul.
1-calcul,
1-cadre
1-ça
1-C.
1-boucle).
1-Bien
1-besoin(
1-(beaucoup)
1-BD:
1-basique
1-bases
1-base.
1-ayant
1-avions
1-avance
1-autre
1-Automatisation
1-aurions
1-aurait
1-augmenter
1-augmenté
1-augmente.
1-augmentant
1-au-
1-ATTENTION
1-attendues
1-attendu.
1-attendu
1-attendre
1-atteignons
1-atteignait
1-asses
1-argumentation.
1-argument
1-arbitraire.
1-après
1-appartienne
1-apparaît
1-APNEEs
1-apnée,
1-apnée
1-APNEE,
1-'APNEE
1-Apnee,
1-apnée,
1-annexe
1-AND).
1-allure
1-allons,
1-aller
1-algos
1-algorithmique
1-algorithmes,
1-ALGO6.
1-(ALGO5),
1-ALGO5
1-Algo.
1-aléatoire
1-ajouté
1--ajout
1-ait
1-afficher
1-adéquates
1-(addition
1-acceptable.
1-acceptable
1-aborder
1-"aac"
1-"aabaabaabaabaabaab",
1-"aab".
1-à
1-À
1-9000
1-90
1-9
1-8,124
1-800
1-6.000.000
1-6.
1-59904
1-50000,
1-5000
1-500,
1-50%.
1-(50
1-5)
1-(~5
1-4.718017373
1-4608
1-4.000
1-/4)
1-3500
1-3,328
1-3.000.000
1-30
1-3
1-2m
1-26
1-25000,
1-25
1-[2000
1-200,
1-1ère
1-15000.
1-14.000
1-1024).
1-100000,
1-10000
1-1000.
1-1000,
1-100,
1-1,
1-+1)
1-0,654
1-0.191312213
1-0,1
1-0.015658846
1-0,004
1-0.001969602
1-000),
1-000,
1-0,
1-(
1->
1-==
